[INFO] Scanning for projects...
[INFO] 
[INFO] ------------------------< com.app:backend-new >-------------------------
[INFO] Building backend-new 0.0.1-SNAPSHOT
[INFO]   from pom.xml
[INFO] --------------------------------[ jar ]---------------------------------
[INFO] 
[INFO] >>> spring-boot:3.4.0:run (default-cli) > test-compile @ backend-new >>>
[INFO] 
[INFO] --- resources:3.3.1:resources (default-resources) @ backend-new ---
[INFO] Copying 1 resource from src\main\resources to target\classes
[INFO] Copying 0 resource from src\main\resources to target\classes
[INFO] 
[INFO] --- compiler:3.13.0:compile (default-compile) @ backend-new ---
[INFO] Recompiling the module because of changed source code.
[INFO] Compiling 29 source files with javac [debug parameters release 17] to target\classes
[INFO] 
[INFO] --- resources:3.3.1:testResources (default-testResources) @ backend-new ---
[INFO] skip non existing resourceDirectory c:\apps\cloudfly\backend_new\src\test\resources
[INFO] 
[INFO] --- compiler:3.13.0:testCompile (default-testCompile) @ backend-new ---
[INFO] Recompiling the module because of changed dependency.
[INFO] 
[INFO] <<< spring-boot:3.4.0:run (default-cli) < test-compile @ backend-new <<<
[INFO] 
[INFO] 
[INFO] --- spring-boot:3.4.0:run (default-cli) @ backend-new ---
[INFO] Attaching agents: []

  .   ____          _            __ _ _
 /\\ / ___'_ __ _ _(_)_ __  __ _ \ \ \ \
( ( )\___ | '_ | '_| | '_ \/ _` | \ \ \ \
 \\/  ___)| |_)| | | | | || (_| |  ) ) ) )
  '  |____| .__|_| |_|_| |_\__, | / / / /
 =========|_|==============|___/=/_/_/_/

 :: Spring Boot ::                (v3.4.0)

2026-03-06T19:00:06.137-05:00  INFO 37668 --- [           main] com.app.BackendNewApplication            : Starting BackendNewApplication using Java 17.0.12 with PID 37668 (C:\apps\cloudfly\backend_new\target\classes started by Edwin in c:\apps\cloudfly\backend_new)
2026-03-06T19:00:06.140-05:00  INFO 37668 --- [           main] com.app.BackendNewApplication            : No active profile set, falling back to 1 default profile: "default"
2026-03-06T19:00:06.587-05:00  INFO 37668 --- [           main] .s.d.r.c.RepositoryConfigurationDelegate : Bootstrapping Spring Data R2DBC repositories in DEFAULT mode.
2026-03-06T19:00:06.732-05:00  INFO 37668 --- [           main] .s.d.r.c.RepositoryConfigurationDelegate : Finished Spring Data repository scanning in 140 ms. Found 6 R2DBC repository interfaces.
2026-03-06T19:00:06.736-05:00  INFO 37668 --- [           main] .s.d.r.c.RepositoryConfigurationDelegate : Bootstrapping Spring Data R2DBC repositories in DEFAULT mode.
2026-03-06T19:00:06.740-05:00  WARN 37668 --- [           main] onfigReactiveWebServerApplicationContext : Exception encountered during context initialization - cancelling refresh attempt: org.springframework.beans.factory.support.BeanDefinitionOverrideException: Invalid bean definition with name 'tenantRepository' defined in com.app.persistence.repository.TenantRepository defined in @EnableR2dbcRepositories declared on BackendNewApplication: Cannot register bean definition [Root bean: class=org.springframework.data.r2dbc.repository.support.R2dbcRepositoryFactoryBean; scope=; abstract=false; lazyInit=false; autowireMode=0; dependencyCheck=0; autowireCandidate=true; primary=false; fallback=false; factoryBeanName=null; factoryMethodName=null; initMethodNames=null; destroyMethodNames=null; defined in com.app.persistence.repository.TenantRepository defined in @EnableR2dbcRepositories declared on BackendNewApplication] for bean 'tenantRepository' since there is already [Root bean: class=org.springframework.data.r2dbc.repository.support.R2dbcRepositoryFactoryBean; scope=; abstract=false; lazyInit=false; autowireMode=0; dependencyCheck=0; autowireCandidate=true; primary=false; fallback=false; factoryBeanName=null; factoryMethodName=null; initMethodNames=null; destroyMethodNames=null; defined in com.app.persistence.repository.TenantRepository defined in @EnableR2dbcRepositories declared on DatabaseConfig] bound.
2026-03-06T19:00:06.756-05:00  INFO 37668 --- [           main] .s.b.a.l.ConditionEvaluationReportLogger : 

Error starting ApplicationContext. To display the condition evaluation report re-run your application with 'debug' enabled.
2026-03-06T19:00:06.772-05:00 ERROR 37668 --- [           main] o.s.b.d.LoggingFailureAnalysisReporter   : 

***************************
APPLICATION FAILED TO START
***************************

Description:

The bean 'tenantRepository', defined in com.app.persistence.repository.TenantRepository defined in @EnableR2dbcRepositories declared on BackendNewApplication, could not be registered. A bean with that name has already been defined in com.app.persistence.repository.TenantRepository defined in @EnableR2dbcRepositories declared on DatabaseConfig and overriding is disabled.

Action:

Consider renaming one of the beans or enabling overriding by setting spring.main.allow-bean-definition-overriding=true

[INFO] ------------------------------------------------------------------------
[INFO] BUILD FAILURE
[INFO] ------------------------------------------------------------------------
[INFO] Total time:  9.103 s
[INFO] Finished at: 2026-03-06T19:00:06-05:00
[INFO] ------------------------------------------------------------------------
[ERROR] Failed to execute goal org.springframework.boot:spring-boot-maven-plugin:3.4.0:run (default-cli) on project backend-new: Process terminated with exit code: 1 -> [Help 1]
[ERROR] 
[ERROR] To see the full stack trace of the errors, re-run Maven with the -e switch.
[ERROR] Re-run Maven using the -X switch to enable full debug logging.
[ERROR] 
[ERROR] For more information about the errors and possible solutions, please read the following articles:
[ERROR] [Help 1] http://cwiki.apache.org/confluence/display/MAVEN/MojoExecutionException
